[0m22:19:12.322191 [debug] [MainThread]: Sending event: {'category': 'dbt', 'action': 'invocation', 'label': 'start', 'context': [<snowplow_tracker.self_describing_json.SelfDescribingJson object at 0x10b9b0980>, <snowplow_tracker.self_describing_json.SelfDescribingJson object at 0x10c92b890>, <snowplow_tracker.self_describing_json.SelfDescribingJson object at 0x10c92b9d0>]}


============================== 22:19:12.329535 | 6d52a994-c606-4b44-9594-68401c5ef65f ==============================
[0m22:19:12.329535 [info ] [MainThread]: Running with dbt=1.11.6
[0m22:19:12.330226 [debug] [MainThread]: running dbt with arguments {'warn_error_options': 'WarnErrorOptionsV2(error=[], warn=[], silence=[])', 'log_cache_events': 'False', 'cache_selected_only': 'False', 'version_check': 'True', 'profiles_dir': '/Users/macbookpro/.dbt', 'log_path': 'logs', 'fail_fast': 'False', 'use_colors': 'True', 'printer_width': '80', 'target_path': 'None', 'debug': 'False', 'send_anonymous_usage_stats': 'True', 'log_format': 'default', 'invocation_command': 'dbt init arab_acmg_dbt', 'indirect_selection': 'eager', 'introspect': 'True', 'partial_parse': 'True', 'static_parser': 'True', 'quiet': 'False', 'write_json': 'True', 'empty': 'None', 'use_experimental_parser': 'False', 'warn_error': 'None', 'no_print': 'None'}
[0m22:19:12.355164 [info ] [MainThread]: Creating dbt configuration folder at /Users/macbookpro/.dbt
[0m22:19:12.357692 [debug] [MainThread]: Starter project path: /Users/macbookpro/Desktop/ARAB-ACMG/.venv/lib/python3.13/site-packages/dbt/include/starter_project
[0m22:19:12.366805 [info ] [MainThread]: 
Your new dbt project "arab_acmg_dbt" was created!

For more information on how to configure the profiles.yml file,
please consult the dbt documentation here:

  https://docs.getdbt.com/docs/configure-your-profile

One more thing:

Need help? Don't hesitate to reach out to us via GitHub issues or on Slack:

  https://community.getdbt.com/

Happy modeling!

[0m22:19:12.367332 [info ] [MainThread]: Setting up your profile.
[0m22:19:12.368232 [error] [MainThread]: Encountered an error:

[0m22:19:12.373551 [error] [MainThread]: Traceback (most recent call last):
  File "/Users/macbookpro/Desktop/ARAB-ACMG/.venv/lib/python3.13/site-packages/dbt/cli/requires.py", line 182, in wrapper
    result, success = func(*args, **kwargs)
                      ~~~~^^^^^^^^^^^^^^^^^
  File "/Users/macbookpro/Desktop/ARAB-ACMG/.venv/lib/python3.13/site-packages/dbt/cli/requires.py", line 128, in wrapper
    return func(*args, **kwargs)
  File "/Users/macbookpro/Desktop/ARAB-ACMG/.venv/lib/python3.13/site-packages/dbt/cli/main.py", line 483, in init
    results = task.run()
  File "/Users/macbookpro/Desktop/ARAB-ACMG/.venv/lib/python3.13/site-packages/dbt/task/init.py", line 346, in run
    self.setup_profile(profile_name)
    ~~~~~~~~~~~~~~~~~~^^^^^^^^^^^^^^
  File "/Users/macbookpro/Desktop/ARAB-ACMG/.venv/lib/python3.13/site-packages/dbt/task/init.py", line 261, in setup_profile
    adapter = self.ask_for_adapter_choice()
  File "/Users/macbookpro/Desktop/ARAB-ACMG/.venv/lib/python3.13/site-packages/dbt/task/init.py", line 242, in ask_for_adapter_choice
    numeric_choice = click.prompt(prompt_msg, type=click.INT)
  File "/Users/macbookpro/Desktop/ARAB-ACMG/.venv/lib/python3.13/site-packages/click/termui.py", line 171, in prompt
    value = prompt_func(prompt)
  File "/Users/macbookpro/Desktop/ARAB-ACMG/.venv/lib/python3.13/site-packages/click/termui.py", line 154, in prompt_func
    raise Abort() from None
click.exceptions.Abort

[0m22:19:12.404379 [debug] [MainThread]: Resource report: {"command_name": "init", "command_success": false, "command_wall_clock_time": 0.18755662, "process_in_blocks": "0", "process_kernel_time": 0.275237, "process_mem_max_rss": "101380096", "process_out_blocks": "0", "process_user_time": 1.705089}
[0m22:19:12.405086 [debug] [MainThread]: Command `dbt init` failed at 22:19:12.404949 after 0.19 seconds
[0m22:19:12.405629 [debug] [MainThread]: Sending event: {'category': 'dbt', 'action': 'invocation', 'label': 'end', 'context': [<snowplow_tracker.self_describing_json.SelfDescribingJson object at 0x10c933ce0>, <snowplow_tracker.self_describing_json.SelfDescribingJson object at 0x10c9e9fd0>, <snowplow_tracker.self_describing_json.SelfDescribingJson object at 0x10c9896a0>]}
[0m22:19:12.406178 [debug] [MainThread]: Flushing usage events
[0m22:19:14.230995 [debug] [MainThread]: An error was encountered while trying to flush usage events
